2024-1-18 01:37:22-log: Cannot access game frame or container.
2024-1-18 01:37:22-debug: asset-db:require-engine-code (722ms)
2024-1-18 01:37:22-log: Cocos Creator v3.8.1
2024-1-18 01:37:22-debug: [Assets Memory track]: asset-db:worker-init: initEngine start:22.16MB, end 92.15MB, increase: 69.99MB
2024-1-18 01:37:22-debug: [Assets Memory track]: asset-db-plugin-register: programming start:92.96MB, end 96.60MB, increase: 3.64MB
2024-1-18 01:37:22-debug: [Assets Memory track]: asset-db-plugin-register: engine-extends start:96.65MB, end 100.22MB, increase: 3.58MB
2024-1-18 01:37:22-debug: [Assets Memory track]: asset-db:worker-init: initPlugin start:92.16MB, end 100.24MB, increase: 8.08MB
2024-1-18 01:37:22-debug: [Assets Memory track]: asset-db-plugin-enable: project start:96.82MB, end 100.23MB, increase: 3.42MB
2024-1-18 01:37:22-debug: asset-db:worker-init: initPlugin (85ms)
2024-1-18 01:37:22-debug: [Assets Memory track]: asset-db:worker-init start:22.16MB, end 94.53MB, increase: 72.37MB
2024-1-18 01:37:22-debug: Run asset db hook programming:beforePreStart success!
2024-1-18 01:37:22-debug: Run asset db hook engine-extends:beforePreStart success!
2024-1-18 01:37:22-debug: Run asset db hook programming:beforePreStart ...
2024-1-18 01:37:22-debug: Run asset db hook engine-extends:beforePreStart ...
2024-1-18 01:37:23-debug: asset-db:worker-init (1556ms)
2024-1-18 01:37:23-debug: asset-db-hook-programming-beforePreStart (405ms)
2024-1-18 01:37:23-debug: asset-db-hook-engine-extends-beforePreStart (405ms)
2024-1-18 01:37:23-debug: Preimport db internal success
2024-1-18 01:37:23-debug: Preimport db assets success
2024-1-18 01:37:23-debug: Run asset db hook programming:afterPreStart ...
2024-1-18 01:37:26-debug: run package(builder) handler(enable) start
2024-1-18 01:37:29-debug: [Assets Memory track]: asset-db-plugin-enable: builder start:121.40MB, end 345.33MB, increase: 223.93MB
2024-1-18 01:37:29-debug: run package(builder) handler(enable) success!
2024-1-18 01:37:29-debug: run package(shortcuts) handler(enable) success!
2024-1-18 01:37:29-debug: run package(animation-graph) handler(enable) success!
2024-1-18 01:37:29-debug: run package(shortcuts) handler(enable) start
2024-1-18 01:37:29-debug: run package(animation-graph) handler(enable) start
2024-1-18 01:37:29-debug: run package(about) handler(enable) start
2024-1-18 01:37:29-debug: run package(about) handler(enable) success!
2024-1-18 01:37:29-debug: run package(assets) handler(enable) success!
2024-1-18 01:37:29-debug: run package(assets) handler(enable) start
2024-1-18 01:37:29-debug: run package(console) handler(enable) start
2024-1-18 01:37:29-debug: run package(console) handler(enable) success!
2024-1-18 01:37:29-debug: run package(extension) handler(enable) start
2024-1-18 01:37:29-debug: run package(extension) handler(enable) success!
2024-1-18 01:37:29-debug: run package(crash-reporter) handler(enable) start
2024-1-18 01:37:29-debug: run package(crash-reporter) handler(enable) success!
2024-1-18 01:37:29-debug: run package(hierarchy) handler(enable) success!
2024-1-18 01:37:29-debug: run package(hierarchy) handler(enable) start
2024-1-18 01:37:29-debug: run package(inspector) handler(enable) success!
2024-1-18 01:37:29-debug: run package(inspector) handler(enable) start
2024-1-18 01:37:29-debug: run package(light-probe) handler(enable) start
2024-1-18 01:37:29-debug: run package(lightmap) handler(enable) start
2024-1-18 01:37:29-debug: run package(light-probe) handler(enable) success!
2024-1-18 01:37:29-debug: run package(node-library) handler(enable) success!
2024-1-18 01:37:29-debug: run package(lightmap) handler(enable) success!
2024-1-18 01:37:29-debug: run package(node-library) handler(enable) start
2024-1-18 01:37:29-debug: run package(package-asset) handler(enable) success!
2024-1-18 01:37:29-debug: run package(process) handler(enable) start
2024-1-18 01:37:29-debug: run package(package-asset) handler(enable) start
2024-1-18 01:37:29-debug: run package(reference-image) handler(enable) start
2024-1-18 01:37:29-debug: run package(reference-image) handler(enable) success!
2024-1-18 01:37:29-debug: run package(reflection-probe) handler(enable) success!
2024-1-18 01:37:29-debug: run package(engine-extends) handler(enable) start
2024-1-18 01:37:29-debug: run package(process) handler(enable) success!
2024-1-18 01:37:29-debug: run package(reflection-probe) handler(enable) start
2024-1-18 01:37:29-debug: run package(engine-extends) handler(enable) success!
2024-1-18 01:37:29-debug: run package(adsense-h5g-plugin) handler(enable) success!
2024-1-18 01:37:29-debug: run package(adsense-h5g-plugin) handler(enable) start
2024-1-18 01:37:29-debug: run package(alipay-mini-game) handler(enable) success!
2024-1-18 01:37:29-debug: run package(alipay-mini-game) handler(enable) start
2024-1-18 01:37:29-debug: run package(bytedance-mini-game) handler(enable) start
2024-1-18 01:37:29-debug: run package(android) handler(enable) success!
2024-1-18 01:37:29-debug: run package(bytedance-mini-game) handler(enable) success!
2024-1-18 01:37:29-debug: run package(certificate) handler(enable) start
2024-1-18 01:37:29-debug: run package(android) handler(enable) start
2024-1-18 01:37:29-debug: run package(certificate) handler(enable) success!
2024-1-18 01:37:29-debug: run package(channel-upload-tools) handler(enable) start
2024-1-18 01:37:29-debug: run package(channel-upload-tools) handler(enable) success!
2024-1-18 01:37:29-debug: run package(fb-instant-games) handler(enable) success!
2024-1-18 01:37:29-debug: run package(fb-instant-games) handler(enable) start
2024-1-18 01:37:29-debug: run package(huawei-agc) handler(enable) start
2024-1-18 01:37:29-debug: run package(huawei-agc) handler(enable) success!
2024-1-18 01:37:29-debug: run package(huawei-quick-game) handler(enable) start
2024-1-18 01:37:29-debug: run package(huawei-quick-game) handler(enable) success!
2024-1-18 01:37:29-debug: run package(ios) handler(enable) success!
2024-1-18 01:37:29-debug: run package(ios) handler(enable) start
2024-1-18 01:37:29-debug: run package(linux) handler(enable) start
2024-1-18 01:37:29-debug: run package(linux) handler(enable) success!
2024-1-18 01:37:29-debug: run package(mac) handler(enable) success!
2024-1-18 01:37:29-debug: run package(mac) handler(enable) start
2024-1-18 01:37:29-debug: run package(native) handler(enable) start
2024-1-18 01:37:29-debug: run package(native) handler(enable) success!
2024-1-18 01:37:29-debug: run package(openharmony) handler(enable) start
2024-1-18 01:37:29-debug: run package(ohos) handler(enable) start
2024-1-18 01:37:29-debug: run package(ohos) handler(enable) success!
2024-1-18 01:37:29-debug: run package(oppo-mini-game) handler(enable) start
2024-1-18 01:37:29-debug: run package(oppo-mini-game) handler(enable) success!
2024-1-18 01:37:29-debug: run package(runtime-dev-tools) handler(enable) success!
2024-1-18 01:37:29-debug: run package(openharmony) handler(enable) success!
2024-1-18 01:37:29-debug: run package(runtime-dev-tools) handler(enable) start
2024-1-18 01:37:29-debug: run package(taobao-creative-app) handler(enable) success!
2024-1-18 01:37:29-debug: run package(taobao-creative-app) handler(enable) start
2024-1-18 01:37:29-debug: run package(vivo-mini-game) handler(enable) start
2024-1-18 01:37:29-debug: run package(taobao-mini-game) handler(enable) start
2024-1-18 01:37:29-debug: run package(taobao-mini-game) handler(enable) success!
2024-1-18 01:37:29-debug: run package(web-desktop) handler(enable) start
2024-1-18 01:37:29-debug: run package(vivo-mini-game) handler(enable) success!
2024-1-18 01:37:29-debug: run package(web-mobile) handler(enable) start
2024-1-18 01:37:29-debug: run package(web-desktop) handler(enable) success!
2024-1-18 01:37:29-debug: run package(wechatgame) handler(enable) start
2024-1-18 01:37:29-debug: run package(web-mobile) handler(enable) success!
2024-1-18 01:37:29-debug: run package(wechatgame) handler(enable) success!
2024-1-18 01:37:29-debug: run package(wechatprogram) handler(enable) success!
2024-1-18 01:37:29-debug: run package(wechatprogram) handler(enable) start
2024-1-18 01:37:29-debug: run package(xiaomi-quick-game) handler(enable) start
2024-1-18 01:37:29-debug: run package(windows) handler(enable) start
2024-1-18 01:37:29-debug: run package(xiaomi-quick-game) handler(enable) success!
2024-1-18 01:37:29-debug: run package(windows) handler(enable) success!
2024-1-18 01:37:29-debug: run package(cocos-service) handler(enable) start
2024-1-18 01:37:29-debug: run package(cocos-service) handler(enable) success!
2024-1-18 01:37:29-debug: run package(im-plugin) handler(enable) start
2024-1-18 01:37:29-debug: run package(im-plugin) handler(enable) success!
2024-1-18 01:37:29-debug: run package(placeholder) handler(enable) success!
2024-1-18 01:37:29-debug: run package(placeholder) handler(enable) start
2024-1-18 01:37:30-debug: Set detail map pack:///resolution-detail-map.json: {}
2024-1-18 01:37:30-debug: Run asset db hook programming:afterPreStart success!
2024-1-18 01:37:30-debug: Run asset db hook engine-extends:afterPreStart success!
2024-1-18 01:37:30-debug: Run asset db hook engine-extends:afterPreStart ...
2024-1-18 01:37:30-debug: [Assets Memory track]: asset-db:worker-init: preStart start:94.54MB, end 348.84MB, increase: 254.31MB
2024-1-18 01:37:30-debug: Start up the 'internal' database...
2024-1-18 01:37:30-debug: asset-db-hook-programming-afterPreStart (7062ms)
2024-1-18 01:37:30-debug: asset-db:worker-effect-data-processing (47ms)
2024-1-18 01:37:30-debug: asset-db-hook-engine-extends-afterPreStart (48ms)
2024-1-18 01:37:30-debug: start asset-db(internal) with asset: 463
2024-1-18 01:37:30-debug: [Assets Memory track]: asset-db:worker-startup-database[internal] start:114.24MB, end 345.55MB, increase: 231.31MB
2024-1-18 01:37:30-debug: Start up the 'assets' database...
2024-1-18 01:37:31-debug: asset-db:worker-startup-database[internal] (8259ms)
2024-1-18 01:37:32-debug: start asset-db(assets) with asset: 1699
2024-1-18 01:37:32-debug: [Assets Memory track]: asset-db:worker-startup-database[assets] start:117.34MB, end 349.24MB, increase: 231.90MB
2024-1-18 01:37:32-debug: asset-db:worker-startup-database[assets] (8830ms)
2024-1-18 01:37:32-debug: asset-db:start-database (9309ms)
2024-1-18 01:37:32-debug: asset-db:ready (12515ms)
2024-1-18 01:37:32-debug: init worker message success
2024-1-18 01:37:32-debug: [Build Memory track]: builder:worker-init start:352.75MB, end 363.06MB, increase: 10.32MB
2024-1-18 01:37:32-debug: programming:execute-script (32ms)
2024-1-18 01:37:32-debug: builder:worker-init (477ms)
2024-1-18 01:37:33-debug: programming:execute-script (19ms)
2024-1-18 01:37:56-debug: refresh db internal success
2024-1-18 01:37:57-debug: refresh db assets success
2024-1-18 01:37:57-debug: Run asset db hook engine-extends:afterRefresh success!
2024-1-18 01:37:57-debug: Run asset db hook engine-extends:afterRefresh ...
2024-1-18 01:37:57-debug: asset-db:refresh-all-database (637ms)
2024-1-18 01:37:57-debug: asset-db:worker-effect-data-processing (1ms)
2024-1-18 01:37:57-debug: asset-db-hook-engine-extends-afterRefresh (1ms)
2024-1-18 01:38:10-debug: refresh db internal success
2024-1-18 01:38:10-debug: refresh db assets success
2024-1-18 01:38:10-debug: Run asset db hook engine-extends:afterRefresh ...
2024-1-18 01:38:10-debug: Run asset db hook engine-extends:afterRefresh success!
2024-1-18 01:38:10-debug: asset-db:refresh-all-database (561ms)
2024-1-18 01:38:10-debug: asset-db:worker-effect-data-processing (3ms)
2024-1-18 01:38:10-debug: asset-db-hook-engine-extends-afterRefresh (3ms)
2024-1-18 01:38:26-debug: refresh db internal success
2024-1-18 01:38:27-debug: refresh db assets success
2024-1-18 01:38:27-debug: Run asset db hook engine-extends:afterRefresh ...
2024-1-18 01:38:27-debug: Run asset db hook engine-extends:afterRefresh success!
2024-1-18 01:38:27-debug: asset-db:refresh-all-database (545ms)
2024-1-18 01:38:27-debug: asset-db:worker-effect-data-processing (1ms)
2024-1-18 01:38:27-debug: asset-db-hook-engine-extends-afterRefresh (2ms)
2024-1-18 01:45:10-debug: refresh db internal success
2024-1-18 01:45:10-debug: refresh db assets success
2024-1-18 01:45:10-debug: Run asset db hook engine-extends:afterRefresh ...
2024-1-18 01:45:10-debug: Run asset db hook engine-extends:afterRefresh success!
2024-1-18 01:45:10-debug: asset-db:refresh-all-database (539ms)
2024-1-18 01:45:10-debug: asset-db:worker-effect-data-processing (1ms)
2024-1-18 01:45:10-debug: asset-db-hook-engine-extends-afterRefresh (1ms)
2024-1-18 02:25:03-debug: refresh db internal success
2024-1-18 02:25:04-debug: refresh db assets success
2024-1-18 02:25:04-debug: Run asset db hook engine-extends:afterRefresh ...
2024-1-18 02:25:04-debug: Run asset db hook engine-extends:afterRefresh success!
2024-1-18 02:25:04-debug: asset-db:refresh-all-database (570ms)
2024-1-18 02:25:04-debug: asset-db:worker-effect-data-processing (1ms)
2024-1-18 02:25:04-debug: asset-db-hook-engine-extends-afterRefresh (1ms)
2024-1-18 02:45:35-debug: refresh db internal success
2024-1-18 02:45:36-debug: refresh db assets success
2024-1-18 02:45:36-debug: Run asset db hook engine-extends:afterRefresh success!
2024-1-18 02:45:36-debug: Run asset db hook engine-extends:afterRefresh ...
2024-1-18 02:45:36-debug: asset-db:refresh-all-database (554ms)
2024-1-18 02:45:36-debug: asset-db:worker-effect-data-processing (1ms)
2024-1-18 02:45:36-debug: asset-db-hook-engine-extends-afterRefresh (1ms)
2024-1-19 05:10:46-debug: refresh db internal success
